<?xml version="1.0" encoding="UTF-8"?>
<!-- Generated by org.testng.reporters.JUnitXMLReporter -->
<testsuite hostname="Madushan" ignored="0" name="NegativeTests" tests="2" failures="0" timestamp="26 Feb 2020 04:04:18 GMT" time="79.147" errors="0">
  <testcase name="incorrectPasswordTest" time="13.547" classname="com.herokuapp.theinternet.NegativeTests"/>
  <testcase name="incorrectUsernameTest" time="65.589" classname="com.herokuapp.theinternet.NegativeTests"/>
</testsuite> <!-- NegativeTests -->
