<?xml version="1.0" encoding="UTF-8"?>
<!-- Generated by org.testng.reporters.JUnitXMLReporter -->
<testsuite hostname="Madushan" ignored="1" name="NegativePasswordTests" tests="1" failures="0" timestamp="04 Apr 2020 08:21:45 GMT" time="67.291" errors="0">
  <testcase name="negativeLogintest" time="29.796" classname="com.herokuapp.theinternet.LoginTests"/>
  <testcase name="positiveLoginTest" time="0.0" classname="com.herokuapp.theinternet.LoginTests">
    <ignored/>
  </testcase> <!-- positiveLoginTest -->
</testsuite> <!-- NegativePasswordTests -->
