<?xml version="1.0" encoding="UTF-8"?>
<!-- Generated by org.testng.reporters.JUnitXMLReporter -->
<testsuite hostname="Madushan" ignored="1" name="NegativeTests" tests="1" failures="0" timestamp="28 Feb 2020 08:17:33 GMT" time="25.938" errors="0">
  <testcase name="incorrectUsernameTest" time="25.865" classname="com.herokuapp.theinternet.NegativeTests"/>
  <testcase name="incorrectPasswordTest" time="0.0" classname="com.herokuapp.theinternet.NegativeTests">
    <ignored/>
  </testcase> <!-- incorrectPasswordTest -->
</testsuite> <!-- NegativeTests -->
