<?xml version="1.0" encoding="UTF-8"?>
<!-- Generated by org.testng.reporters.JUnitXMLReporter -->
<testsuite hostname="Madushan" ignored="1" name="PositiveTests" tests="1" failures="0" timestamp="04 Apr 2020 08:20:24 GMT" time="18.807" errors="0">
  <testcase name="positiveLoginTest" time="13.978" classname="com.herokuapp.theinternet.LoginTests"/>
  <testcase name="negativeLogintest" time="0.0" classname="com.herokuapp.theinternet.LoginTests">
    <ignored/>
  </testcase> <!-- negativeLogintest -->
</testsuite> <!-- PositiveTests -->
