<?xml version="1.0" encoding="UTF-8"?>
<!-- Generated by org.testng.reporters.JUnitXMLReporter -->
<testsuite hostname="DESKTOP-U88FFOD" ignored="1" name="NegativeUsernameTests" tests="1" failures="0" timestamp="02 Jun 2020 07:32:45 GMT" time="11.429" errors="0">
  <testcase name="negativeLogintest" time="5.406" classname="com.herokuapp.theinternet.LoginTests"/>
  <testcase name="positiveLoginTest" time="0.0" classname="com.herokuapp.theinternet.LoginTests">
    <ignored/>
  </testcase> <!-- positiveLoginTest -->
</testsuite> <!-- NegativeUsernameTests -->
