<?xml version="1.0" encoding="UTF-8"?>
<!-- Generated by org.testng.reporters.JUnitXMLReporter -->
<testsuite hostname="DESKTOP-U88FFOD" ignored="1" name="NegativePasswordTests" tests="1" failures="0" timestamp="02 Jun 2020 07:33:20 GMT" time="35.057" errors="0">
  <testcase name="negativeLogintest" time="7.247" classname="com.herokuapp.theinternet.LoginTests"/>
  <testcase name="positiveLoginTest" time="0.0" classname="com.herokuapp.theinternet.LoginTests">
    <ignored/>
  </testcase> <!-- positiveLoginTest -->
</testsuite> <!-- NegativePasswordTests -->
