<?xml version="1.0" encoding="UTF-8"?>
<!-- Generated by org.testng.reporters.JUnitXMLReporter -->
<testsuite hostname="DESKTOP-U88FFOD" ignored="1" name="PositiveTests" tests="1" failures="0" timestamp="02 Jun 2020 07:32:34 GMT" time="14.268" errors="0">
  <testcase name="positiveLoginTest" time="6.521" classname="com.herokuapp.theinternet.LoginTests"/>
  <testcase name="negativeLogintest" time="0.0" classname="com.herokuapp.theinternet.LoginTests">
    <ignored/>
  </testcase> <!-- negativeLogintest -->
</testsuite> <!-- PositiveTests -->
