<?xml version="1.0" encoding="UTF-8"?>
<!-- Generated by org.testng.reporters.JUnitXMLReporter -->
<testsuite hostname="DESKTOP-U88FFOD" ignored="3" name="Exceptions tests" tests="1" failures="0" timestamp="06 Jun 2020 12:57:54 GMT" time="29.765" errors="0">
  <testcase name="staleElementTest" time="11.604" classname="com.herokuapp.theinternet.Exceptionstests"/>
  <testcase name="notVisibletest" time="0.0" classname="com.herokuapp.theinternet.Exceptionstests">
    <ignored/>
  </testcase> <!-- notVisibletest -->
  <testcase name="timeoutTest" time="0.0" classname="com.herokuapp.theinternet.Exceptionstests">
    <ignored/>
  </testcase> <!-- timeoutTest -->
  <testcase name="noSuchElementTest" time="0.0" classname="com.herokuapp.theinternet.Exceptionstests">
    <ignored/>
  </testcase> <!-- noSuchElementTest -->
</testsuite> <!-- Exceptions tests -->
