<?xml version="1.0" encoding="UTF-8"?>
<!-- Generated by org.testng.reporters.JUnitXMLReporter -->
<testsuite hostname="Madushan" ignored="0" name="NegativeTests" tests="2" failures="0" timestamp="28 Feb 2020 06:16:08 GMT" time="52.071" errors="0">
  <testcase name="incorrectUsernameTest" time="34.41" classname="com.herokuapp.theinternet.NegativeTests"/>
  <testcase name="incorrectPasswordTest" time="17.566" classname="com.herokuapp.theinternet.NegativeTests"/>
</testsuite> <!-- NegativeTests -->
